Determining if the system is big endian passed with the following output:
Change Dir: /Users/luiz/Documents/cic/oac/lamar/code/tito/opencv2/StaticLibs/CMakeFiles/CMakeTmp

Run Build Command:"/usr/bin/make" "cmTC_25c67/fast"
/Applications/Xcode.app/Contents/Developer/usr/bin/make -f CMakeFiles/cmTC_25c67.dir/build.make CMakeFiles/cmTC_25c67.dir/build
Building C object CMakeFiles/cmTC_25c67.dir/TestEndianess.c.o
/Applications/Xcode.app/Contents/Developer/Toolchains/XcodeDefault.xctoolchain/usr/bin/cc    -fsigned-char -W -Werror=return-type -Werror=address -Werror=sequence-point -Wformat -Werror=format-security -Wmissing-declarations -Wmissing-prototypes -Wstrict-prototypes -Wundef -Winit-self -Wpointer-arith -Wshadow -Wsign-promo -Wno-narrowing -Wno-delete-non-virtual-dtor -Wno-unnamed-type-template-args -Wno-array-bounds -fdiagnostics-show-option -Wno-long-long -Wno-semicolon-before-method-body -fno-omit-frame-pointer -msse -msse2 -msse3  -O3 -DNDEBUG   -o CMakeFiles/cmTC_25c67.dir/TestEndianess.c.o   -c /Users/luiz/Documents/cic/oac/lamar/code/tito/opencv2/StaticLibs/CMakeFiles/CMakeTmp/TestEndianess.c
Linking C executable cmTC_25c67
/Applications/CMake.app/Contents/bin/cmake -E cmake_link_script CMakeFiles/cmTC_25c67.dir/link.txt --verbose=1
/Applications/Xcode.app/Contents/Developer/Toolchains/XcodeDefault.xctoolchain/usr/bin/cc     -fsigned-char -W -Werror=return-type -Werror=address -Werror=sequence-point -Wformat -Werror=format-security -Wmissing-declarations -Wmissing-prototypes -Wstrict-prototypes -Wundef -Winit-self -Wpointer-arith -Wshadow -Wsign-promo -Wno-narrowing -Wno-delete-non-virtual-dtor -Wno-unnamed-type-template-args -Wno-array-bounds -fdiagnostics-show-option -Wno-long-long -Wno-semicolon-before-method-body -fno-omit-frame-pointer -msse -msse2 -msse3  -O3 -DNDEBUG -Wl,-search_paths_first -Wl,-headerpad_max_install_names   CMakeFiles/cmTC_25c67.dir/TestEndianess.c.o  -o cmTC_25c67  

TestEndianess.c:
/* A 16 bit integer is required. */
typedef unsigned short cmakeint16;

/* On a little endian machine, these 16bit ints will give "THIS IS LITTLE ENDIAN."
   On a big endian machine the characters will be exchanged pairwise. */
const cmakeint16 info_little[] =  {0x4854, 0x5349, 0x4920, 0x2053, 0x494c, 0x5454, 0x454c, 0x4520, 0x444e, 0x4149, 0x2e4e, 0x0000};

/* on a big endian machine, these 16bit ints will give "THIS IS BIG ENDIAN."
   On a little endian machine the characters will be exchanged pairwise. */
const cmakeint16 info_big[] =     {0x5448, 0x4953, 0x2049, 0x5320, 0x4249, 0x4720, 0x454e, 0x4449, 0x414e, 0x2e2e, 0x0000};

#ifdef __CLASSIC_C__
int main(argc, argv) int argc; char *argv[];
#else
int main(int argc, char *argv[])
#endif
{
  int require = 0;
  require += info_little[argc];
  require += info_big[argc];
  (void)argv;
  return require;
}


Determining size of off64_t failed with the following output:
Change Dir: /Users/luiz/Documents/cic/oac/lamar/code/tito/opencv2/StaticLibs/CMakeFiles/CMakeTmp

Run Build Command:"/usr/bin/make" "cmTC_d6cbf/fast"
/Applications/Xcode.app/Contents/Developer/usr/bin/make -f CMakeFiles/cmTC_d6cbf.dir/build.make CMakeFiles/cmTC_d6cbf.dir/build
Building C object CMakeFiles/cmTC_d6cbf.dir/OFF64_T.c.o
/Applications/Xcode.app/Contents/Developer/Toolchains/XcodeDefault.xctoolchain/usr/bin/cc    -fsigned-char -W -Werror=return-type -Werror=address -Werror=sequence-point -Wformat -Werror=format-security -Wmissing-declarations -Wmissing-prototypes -Wstrict-prototypes -Wundef -Winit-self -Wpointer-arith -Wshadow -Wsign-promo -Wno-narrowing -Wno-delete-non-virtual-dtor -Wno-unnamed-type-template-args -Wno-array-bounds -fdiagnostics-show-option -Wno-long-long -Wno-semicolon-before-method-body -fno-omit-frame-pointer -msse -msse2 -msse3  -O3 -DNDEBUG   -o CMakeFiles/cmTC_d6cbf.dir/OFF64_T.c.o   -c /Users/luiz/Documents/cic/oac/lamar/code/tito/opencv2/StaticLibs/CMakeFiles/CheckTypeSize/OFF64_T.c
/Users/luiz/Documents/cic/oac/lamar/code/tito/opencv2/StaticLibs/CMakeFiles/CheckTypeSize/OFF64_T.c:19:12: error: use of undeclared identifier 'off64_t'
  ('0' + ((SIZE / 10000)%10)),
           ^
/Users/luiz/Documents/cic/oac/lamar/code/tito/opencv2/StaticLibs/CMakeFiles/CheckTypeSize/OFF64_T.c:17:22: note: expanded from macro 'SIZE'
#define SIZE (sizeof(off64_t))
                     ^
/Users/luiz/Documents/cic/oac/lamar/code/tito/opencv2/StaticLibs/CMakeFiles/CheckTypeSize/OFF64_T.c:20:12: error: use of undeclared identifier 'off64_t'
  ('0' + ((SIZE / 1000)%10)),
           ^
/Users/luiz/Documents/cic/oac/lamar/code/tito/opencv2/StaticLibs/CMakeFiles/CheckTypeSize/OFF64_T.c:17:22: note: expanded from macro 'SIZE'
#define SIZE (sizeof(off64_t))
                     ^
/Users/luiz/Documents/cic/oac/lamar/code/tito/opencv2/StaticLibs/CMakeFiles/CheckTypeSize/OFF64_T.c:21:12: error: use of undeclared identifier 'off64_t'
  ('0' + ((SIZE / 100)%10)),
           ^
/Users/luiz/Documents/cic/oac/lamar/code/tito/opencv2/StaticLibs/CMakeFiles/CheckTypeSize/OFF64_T.c:17:22: note: expanded from macro 'SIZE'
#define SIZE (sizeof(off64_t))
                     ^
/Users/luiz/Documents/cic/oac/lamar/code/tito/opencv2/StaticLibs/CMakeFiles/CheckTypeSize/OFF64_T.c:22:12: error: use of undeclared identifier 'off64_t'
  ('0' + ((SIZE / 10)%10)),
           ^
/Users/luiz/Documents/cic/oac/lamar/code/tito/opencv2/StaticLibs/CMakeFiles/CheckTypeSize/OFF64_T.c:17:22: note: expanded from macro 'SIZE'
#define SIZE (sizeof(off64_t))
                     ^
/Users/luiz/Documents/cic/oac/lamar/code/tito/opencv2/StaticLibs/CMakeFiles/CheckTypeSize/OFF64_T.c:23:12: error: use of undeclared identifier 'off64_t'
  ('0' +  (SIZE    % 10)),
           ^
/Users/luiz/Documents/cic/oac/lamar/code/tito/opencv2/StaticLibs/CMakeFiles/CheckTypeSize/OFF64_T.c:17:22: note: expanded from macro 'SIZE'
#define SIZE (sizeof(off64_t))
                     ^
5 errors generated.
make[1]: *** [CMakeFiles/cmTC_d6cbf.dir/OFF64_T.c.o] Error 1
make: *** [cmTC_d6cbf/fast] Error 2

/Users/luiz/Documents/cic/oac/lamar/code/tito/opencv2/StaticLibs/CMakeFiles/CheckTypeSize/OFF64_T.c:
#include <sys/types.h>
#include <stdint.h>
#include <stddef.h>


#undef KEY
#if defined(__i386)
# define KEY '_','_','i','3','8','6'
#elif defined(__x86_64)
# define KEY '_','_','x','8','6','_','6','4'
#elif defined(__ppc__)
# define KEY '_','_','p','p','c','_','_'
#elif defined(__ppc64__)
# define KEY '_','_','p','p','c','6','4','_','_'
#endif

#define SIZE (sizeof(off64_t))
char info_size[] =  {'I', 'N', 'F', 'O', ':', 's','i','z','e','[',
  ('0' + ((SIZE / 10000)%10)),
  ('0' + ((SIZE / 1000)%10)),
  ('0' + ((SIZE / 100)%10)),
  ('0' + ((SIZE / 10)%10)),
  ('0' +  (SIZE    % 10)),
  ']',
#ifdef KEY
  ' ','k','e','y','[', KEY, ']',
#endif
  '\0'};

#ifdef __CLASSIC_C__
int main(argc, argv) int argc; char *argv[];
#else
int main(int argc, char *argv[])
#endif
{
  int require = 0;
  require += info_size[argc];
  (void)argv;
  return require;
}


Determining if the include file io.h exists failed with the following output:
Change Dir: /Users/luiz/Documents/cic/oac/lamar/code/tito/opencv2/StaticLibs/CMakeFiles/CMakeTmp

Run Build Command:"/usr/bin/make" "cmTC_ebf83/fast"
/Applications/Xcode.app/Contents/Developer/usr/bin/make -f CMakeFiles/cmTC_ebf83.dir/build.make CMakeFiles/cmTC_ebf83.dir/build
Building C object CMakeFiles/cmTC_ebf83.dir/CheckIncludeFile.c.o
/Applications/Xcode.app/Contents/Developer/Toolchains/XcodeDefault.xctoolchain/usr/bin/cc    -fsigned-char -W -Werror=return-type -Werror=address -Werror=sequence-point -Wformat -Werror=format-security -Wmissing-declarations -Wmissing-prototypes -Wstrict-prototypes -Wundef -Winit-self -Wpointer-arith -Wshadow -Wsign-promo -Wno-narrowing -Wno-delete-non-virtual-dtor -Wno-unnamed-type-template-args -Wno-array-bounds -fdiagnostics-show-option -Wno-long-long -Wno-semicolon-before-method-body -fno-omit-frame-pointer -msse -msse2 -msse3  -O3 -DNDEBUG   -o CMakeFiles/cmTC_ebf83.dir/CheckIncludeFile.c.o   -c /Users/luiz/Documents/cic/oac/lamar/code/tito/opencv2/StaticLibs/CMakeFiles/CMakeTmp/CheckIncludeFile.c
/Users/luiz/Documents/cic/oac/lamar/code/tito/opencv2/StaticLibs/CMakeFiles/CMakeTmp/CheckIncludeFile.c:1:10: fatal error: 'io.h' file not found
#include <io.h>
         ^
1 error generated.
make[1]: *** [CMakeFiles/cmTC_ebf83.dir/CheckIncludeFile.c.o] Error 1
make: *** [cmTC_ebf83/fast] Error 2


Determining if the function jbg_newlen exists failed with the following output:
Change Dir: /Users/luiz/Documents/cic/oac/lamar/code/tito/opencv2/StaticLibs/CMakeFiles/CMakeTmp

Run Build Command:"/usr/bin/make" "cmTC_5d584/fast"
/Applications/Xcode.app/Contents/Developer/usr/bin/make -f CMakeFiles/cmTC_5d584.dir/build.make CMakeFiles/cmTC_5d584.dir/build
Building C object CMakeFiles/cmTC_5d584.dir/CheckFunctionExists.c.o
/Applications/Xcode.app/Contents/Developer/Toolchains/XcodeDefault.xctoolchain/usr/bin/cc    -fsigned-char -W -Werror=return-type -Werror=address -Werror=sequence-point -Wformat -Werror=format-security -Wmissing-declarations -Wmissing-prototypes -Wstrict-prototypes -Wundef -Winit-self -Wpointer-arith -Wshadow -Wsign-promo -Wno-narrowing -Wno-delete-non-virtual-dtor -Wno-unnamed-type-template-args -Wno-array-bounds -fdiagnostics-show-option -Wno-long-long -Wno-semicolon-before-method-body -fno-omit-frame-pointer -msse -msse2 -msse3 -DCHECK_FUNCTION_EXISTS=jbg_newlen -O3 -DNDEBUG   -o CMakeFiles/cmTC_5d584.dir/CheckFunctionExists.c.o   -c /Applications/CMake.app/Contents/share/cmake-3.4/Modules/CheckFunctionExists.c
Linking C executable cmTC_5d584
/Applications/CMake.app/Contents/bin/cmake -E cmake_link_script CMakeFiles/cmTC_5d584.dir/link.txt --verbose=1
/Applications/Xcode.app/Contents/Developer/Toolchains/XcodeDefault.xctoolchain/usr/bin/cc     -fsigned-char -W -Werror=return-type -Werror=address -Werror=sequence-point -Wformat -Werror=format-security -Wmissing-declarations -Wmissing-prototypes -Wstrict-prototypes -Wundef -Winit-self -Wpointer-arith -Wshadow -Wsign-promo -Wno-narrowing -Wno-delete-non-virtual-dtor -Wno-unnamed-type-template-args -Wno-array-bounds -fdiagnostics-show-option -Wno-long-long -Wno-semicolon-before-method-body -fno-omit-frame-pointer -msse -msse2 -msse3 -DCHECK_FUNCTION_EXISTS=jbg_newlen -O3 -DNDEBUG -Wl,-search_paths_first -Wl,-headerpad_max_install_names   CMakeFiles/cmTC_5d584.dir/CheckFunctionExists.c.o  -o cmTC_5d584  
Undefined symbols for architecture x86_64:
  "_jbg_newlen", referenced from:
      _main in CheckFunctionExists.c.o
ld: symbol(s) not found for architecture x86_64
clang: error: linker command failed with exit code 1 (use -v to see invocation)
make[1]: *** [cmTC_5d584] Error 1
make: *** [cmTC_5d584/fast] Error 2


Determining if the include file linux/videodev.h exists failed with the following output:
Change Dir: /Users/luiz/Documents/cic/oac/lamar/code/tito/opencv2/StaticLibs/CMakeFiles/CMakeTmp

Run Build Command:"/usr/bin/make" "cmTC_473b1/fast"
/Applications/Xcode.app/Contents/Developer/usr/bin/make -f CMakeFiles/cmTC_473b1.dir/build.make CMakeFiles/cmTC_473b1.dir/build
Building C object CMakeFiles/cmTC_473b1.dir/CheckIncludeFile.c.o
/Applications/Xcode.app/Contents/Developer/Toolchains/XcodeDefault.xctoolchain/usr/bin/cc    -fsigned-char -W -Werror=return-type -Werror=address -Werror=sequence-point -Wformat -Werror=format-security -Wmissing-declarations -Wmissing-prototypes -Wstrict-prototypes -Wundef -Winit-self -Wpointer-arith -Wshadow -Wsign-promo -Wno-narrowing -Wno-delete-non-virtual-dtor -Wno-unnamed-type-template-args -Wno-array-bounds -fdiagnostics-show-option -Wno-long-long -Wno-semicolon-before-method-body -fno-omit-frame-pointer -msse -msse2 -msse3  -O3 -DNDEBUG   -o CMakeFiles/cmTC_473b1.dir/CheckIncludeFile.c.o   -c /Users/luiz/Documents/cic/oac/lamar/code/tito/opencv2/StaticLibs/CMakeFiles/CMakeTmp/CheckIncludeFile.c
/Users/luiz/Documents/cic/oac/lamar/code/tito/opencv2/StaticLibs/CMakeFiles/CMakeTmp/CheckIncludeFile.c:1:10: fatal error: 'linux/videodev.h' file not found
#include <linux/videodev.h>
         ^
1 error generated.
make[1]: *** [CMakeFiles/cmTC_473b1.dir/CheckIncludeFile.c.o] Error 1
make: *** [cmTC_473b1/fast] Error 2


Determining if the include file linux/videodev2.h exists failed with the following output:
Change Dir: /Users/luiz/Documents/cic/oac/lamar/code/tito/opencv2/StaticLibs/CMakeFiles/CMakeTmp

Run Build Command:"/usr/bin/make" "cmTC_64c0d/fast"
/Applications/Xcode.app/Contents/Developer/usr/bin/make -f CMakeFiles/cmTC_64c0d.dir/build.make CMakeFiles/cmTC_64c0d.dir/build
Building C object CMakeFiles/cmTC_64c0d.dir/CheckIncludeFile.c.o
/Applications/Xcode.app/Contents/Developer/Toolchains/XcodeDefault.xctoolchain/usr/bin/cc    -fsigned-char -W -Werror=return-type -Werror=address -Werror=sequence-point -Wformat -Werror=format-security -Wmissing-declarations -Wmissing-prototypes -Wstrict-prototypes -Wundef -Winit-self -Wpointer-arith -Wshadow -Wsign-promo -Wno-narrowing -Wno-delete-non-virtual-dtor -Wno-unnamed-type-template-args -Wno-array-bounds -fdiagnostics-show-option -Wno-long-long -Wno-semicolon-before-method-body -fno-omit-frame-pointer -msse -msse2 -msse3  -O3 -DNDEBUG   -o CMakeFiles/cmTC_64c0d.dir/CheckIncludeFile.c.o   -c /Users/luiz/Documents/cic/oac/lamar/code/tito/opencv2/StaticLibs/CMakeFiles/CMakeTmp/CheckIncludeFile.c
/Users/luiz/Documents/cic/oac/lamar/code/tito/opencv2/StaticLibs/CMakeFiles/CMakeTmp/CheckIncludeFile.c:1:10: fatal error: 'linux/videodev2.h' file not found
#include <linux/videodev2.h>
         ^
1 error generated.
make[1]: *** [CMakeFiles/cmTC_64c0d.dir/CheckIncludeFile.c.o] Error 1
make: *** [cmTC_64c0d/fast] Error 2


Determining if the include file sys/videoio.h exists failed with the following output:
Change Dir: /Users/luiz/Documents/cic/oac/lamar/code/tito/opencv2/StaticLibs/CMakeFiles/CMakeTmp

Run Build Command:"/usr/bin/make" "cmTC_5caed/fast"
/Applications/Xcode.app/Contents/Developer/usr/bin/make -f CMakeFiles/cmTC_5caed.dir/build.make CMakeFiles/cmTC_5caed.dir/build
Building C object CMakeFiles/cmTC_5caed.dir/CheckIncludeFile.c.o
/Applications/Xcode.app/Contents/Developer/Toolchains/XcodeDefault.xctoolchain/usr/bin/cc    -fsigned-char -W -Werror=return-type -Werror=address -Werror=sequence-point -Wformat -Werror=format-security -Wmissing-declarations -Wmissing-prototypes -Wstrict-prototypes -Wundef -Winit-self -Wpointer-arith -Wshadow -Wsign-promo -Wno-narrowing -Wno-delete-non-virtual-dtor -Wno-unnamed-type-template-args -Wno-array-bounds -fdiagnostics-show-option -Wno-long-long -Wno-semicolon-before-method-body -fno-omit-frame-pointer -msse -msse2 -msse3  -O3 -DNDEBUG   -o CMakeFiles/cmTC_5caed.dir/CheckIncludeFile.c.o   -c /Users/luiz/Documents/cic/oac/lamar/code/tito/opencv2/StaticLibs/CMakeFiles/CMakeTmp/CheckIncludeFile.c
/Users/luiz/Documents/cic/oac/lamar/code/tito/opencv2/StaticLibs/CMakeFiles/CMakeTmp/CheckIncludeFile.c:1:10: fatal error: 'sys/videoio.h' file not found
#include <sys/videoio.h>
         ^
1 error generated.
make[1]: *** [CMakeFiles/cmTC_5caed.dir/CheckIncludeFile.c.o] Error 1
make: *** [cmTC_5caed/fast] Error 2


Determining if the include file libavformat/avformat.h exists failed with the following output:
Change Dir: /Users/luiz/Documents/cic/oac/lamar/code/tito/opencv2/StaticLibs/CMakeFiles/CMakeTmp

Run Build Command:"/usr/bin/make" "cmTC_5b476/fast"
/Applications/Xcode.app/Contents/Developer/usr/bin/make -f CMakeFiles/cmTC_5b476.dir/build.make CMakeFiles/cmTC_5b476.dir/build
Building C object CMakeFiles/cmTC_5b476.dir/CheckIncludeFile.c.o
/Applications/Xcode.app/Contents/Developer/Toolchains/XcodeDefault.xctoolchain/usr/bin/cc    -fsigned-char -W -Werror=return-type -Werror=address -Werror=sequence-point -Wformat -Werror=format-security -Wmissing-declarations -Wmissing-prototypes -Wstrict-prototypes -Wundef -Winit-self -Wpointer-arith -Wshadow -Wsign-promo -Wno-narrowing -Wno-delete-non-virtual-dtor -Wno-unnamed-type-template-args -Wno-array-bounds -fdiagnostics-show-option -Wno-long-long -Wno-semicolon-before-method-body -fno-omit-frame-pointer -msse -msse2 -msse3  -O3 -DNDEBUG   -o CMakeFiles/cmTC_5b476.dir/CheckIncludeFile.c.o   -c /Users/luiz/Documents/cic/oac/lamar/code/tito/opencv2/StaticLibs/CMakeFiles/CMakeTmp/CheckIncludeFile.c
/Users/luiz/Documents/cic/oac/lamar/code/tito/opencv2/StaticLibs/CMakeFiles/CMakeTmp/CheckIncludeFile.c:1:10: fatal error: 'libavformat/avformat.h' file not found
#include <libavformat/avformat.h>
         ^
1 error generated.
make[1]: *** [CMakeFiles/cmTC_5b476.dir/CheckIncludeFile.c.o] Error 1
make: *** [cmTC_5b476/fast] Error 2


Determining if the include file ffmpeg/avformat.h exists failed with the following output:
Change Dir: /Users/luiz/Documents/cic/oac/lamar/code/tito/opencv2/StaticLibs/CMakeFiles/CMakeTmp

Run Build Command:"/usr/bin/make" "cmTC_9b68f/fast"
/Applications/Xcode.app/Contents/Developer/usr/bin/make -f CMakeFiles/cmTC_9b68f.dir/build.make CMakeFiles/cmTC_9b68f.dir/build
Building C object CMakeFiles/cmTC_9b68f.dir/CheckIncludeFile.c.o
/Applications/Xcode.app/Contents/Developer/Toolchains/XcodeDefault.xctoolchain/usr/bin/cc    -fsigned-char -W -Werror=return-type -Werror=address -Werror=sequence-point -Wformat -Werror=format-security -Wmissing-declarations -Wmissing-prototypes -Wstrict-prototypes -Wundef -Winit-self -Wpointer-arith -Wshadow -Wsign-promo -Wno-narrowing -Wno-delete-non-virtual-dtor -Wno-unnamed-type-template-args -Wno-array-bounds -fdiagnostics-show-option -Wno-long-long -Wno-semicolon-before-method-body -fno-omit-frame-pointer -msse -msse2 -msse3  -O3 -DNDEBUG   -o CMakeFiles/cmTC_9b68f.dir/CheckIncludeFile.c.o   -c /Users/luiz/Documents/cic/oac/lamar/code/tito/opencv2/StaticLibs/CMakeFiles/CMakeTmp/CheckIncludeFile.c
/Users/luiz/Documents/cic/oac/lamar/code/tito/opencv2/StaticLibs/CMakeFiles/CMakeTmp/CheckIncludeFile.c:1:10: fatal error: 'ffmpeg/avformat.h' file not found
#include <ffmpeg/avformat.h>
         ^
1 error generated.
make[1]: *** [CMakeFiles/cmTC_9b68f.dir/CheckIncludeFile.c.o] Error 1
make: *** [cmTC_9b68f/fast] Error 2


